[08/30/2019 12:35:27] [INFO ] [blocks] [V] gIMble v0.5.0
[08/30/2019 12:35:27] [INFO ] [root] [+] Read 6 samples from 2 populations and generated 9 pairs in 0.011s.
[08/30/2019 12:35:27] [INFO ] [root] [+] Read 2 sequences with total length of 2,500 b in 0.014s
[08/30/2019 12:35:27] [INFO ] [root] [#] Processing BED file ...
[08/30/2019 12:35:27] [INFO ] [root] [#] Splitting bed file into chunks for downstream processing (this might take a while) ...
[08/30/2019 12:35:27] [INFO ] [root] [+] Found 26 BED intervals adding up to 2,009 b (80.36% of genome) ...
[08/30/2019 12:35:27] [DEBUG] [root]    sequence_id  start   end      samples  length                    pair_idxs
0         toy1      0   100  A,B,C,X,Y,Z     100  (0, 1, 2, 3, 4, 5, 6, 7, 8)
1         toy1    100   164      A,B,X,Y      64                 (0, 1, 6, 7)
2         toy1    164   228      A,C,X,Z      64                 (1, 2, 4, 5)
3         toy1    228   267      A,X,Y,Z      39                 (8, 1, 2, 7)
4         toy1    292   356      B,X,Y,Z      64                    (8, 6, 7)
5         toy1    356   410      C,X,Y,Z      54                 (8, 4, 5, 7)
6         toy1    420   424        X,Y,Z       4                       (8, 7)
7         toy1    427   469        X,Y,Z      42                       (8, 7)
8         toy1    484   548        A,B,C      64                       (0, 3)
9         toy1    548   612        A,X,Z      64                       (1, 2)
10        toy1    612   676  A,B,C,X,Y,Z      64  (0, 1, 2, 3, 4, 5, 6, 7, 8)
11        toy1    676   739  A,B,C,X,Y,Z      63  (0, 1, 2, 3, 4, 5, 6, 7, 8)
12        toy1    739   804  A,B,C,X,Y,Z      65  (0, 1, 2, 3, 4, 5, 6, 7, 8)
13        toy1    804  1000  A,B,C,X,Y,Z     196  (0, 1, 2, 3, 4, 5, 6, 7, 8)
14        toy1   1200  1260  A,B,C,X,Y,Z      60  (0, 1, 2, 3, 4, 5, 6, 7, 8)
15        toy1   1260  1263  A,B,C,X,Y,Z       3  (0, 1, 2, 3, 4, 5, 6, 7, 8)
16        toy1   1400  1500  A,B,C,X,Y,Z     100  (0, 1, 2, 3, 4, 5, 6, 7, 8)
17        toy2      1   200  A,B,C,X,Y,Z     199  (0, 1, 2, 3, 4, 5, 6, 7, 8)
18        toy2    300   564      C,X,Y,Z     264                 (8, 4, 5, 7)
19        toy2    564   628      A,X,Y,Z      64                 (8, 1, 2, 7)
20        toy2    628   692            X      64                          NaN
21        toy2    692   756        A,X,Z      64                       (1, 2)
22        toy2    756   820      A,B,X,Z      64                    (0, 1, 2)
23        toy2    820   884  A,B,C,X,Y,Z      64  (0, 1, 2, 3, 4, 5, 6, 7, 8)
24        toy2    884   948  A,B,C,X,Y,Z      64  (0, 1, 2, 3, 4, 5, 6, 7, 8)
25        toy2    948  1000  A,B,C,X,Y,Z      52  (0, 1, 2, 3, 4, 5, 6, 7, 8)
[08/30/2019 12:35:27] [INFO ] [root] [+] BED intervals processed (68.48MB)
[08/30/2019 12:35:27] [INFO ] [root] [#] Generating blocks ...
[08/30/2019 12:35:27] [INFO ] [root] [+] Analysing 6 BED regions using 1 threads ...
[08/30/2019 12:35:27] [INFO ] [root] [+] Made 20 blocks covering 1,280 b (63.71% of BED intervals, 51.20% of genome) (68.65MB)
[08/30/2019 12:35:27] [INFO ] [root] [#] Generating output ...
[08/30/2019 12:35:28] [INFO ] [blocks] [*] Total runtime: 0.944s
